<?xml version="1.0" encoding="UTF-8"?>
<testsuite name="com.cryptika.messenger.crypto.ReplayDetectionTest" tests="2" skipped="0" failures="0" errors="0" timestamp="2026-03-14T05:53:24.982Z" hostname="DESKTOP-P3C3923" time="0.004">
  <properties/>
  <testcase name="Out-of-order counter succeeds via lookahead, then replay is rejected" classname="com.cryptika.messenger.crypto.ReplayDetectionTest" time="0.002"/>
  <testcase name="Counter replay is detected" classname="com.cryptika.messenger.crypto.ReplayDetectionTest" time="0.002"/>
  <system-out><![CDATA[]]></system-out>
  <system-err><![CDATA[]]></system-err>
</testsuite>
