<?xml version="1.0" encoding="UTF-8"?>
<testsuite name="com.cryptika.messenger.crypto.AEADCipherTest" tests="5" skipped="0" failures="0" errors="0" timestamp="2026-03-14T05:53:23.349Z" hostname="DESKTOP-P3C3923" time="0.746">
  <properties/>
  <testcase name="Different counters produce different nonces" classname="com.cryptika.messenger.crypto.AEADCipherTest" time="0.646"/>
  <testcase name="Nonce derivation is deterministic" classname="com.cryptika.messenger.crypto.AEADCipherTest" time="0.005"/>
  <testcase name="Encrypt then decrypt produces original plaintext" classname="com.cryptika.messenger.crypto.AEADCipherTest" time="0.077"/>
  <testcase name="Flipped bit in additional data causes AEADAuthFailed" classname="com.cryptika.messenger.crypto.AEADCipherTest" time="0.005"/>
  <testcase name="Flipped bit in ciphertext causes AEADAuthFailed" classname="com.cryptika.messenger.crypto.AEADCipherTest" time="0.009"/>
  <system-out><![CDATA[]]></system-out>
  <system-err><![CDATA[]]></system-err>
</testsuite>
