<?xml version="1.0" encoding="UTF-8"?>
<testsuite name="com.cryptika.messenger.crypto.TicketManagerTest" tests="2" skipped="0" failures="0" errors="0" timestamp="2026-03-13T03:46:49.050Z" hostname="DESKTOP-P3C3923" time="0.003">
  <properties/>
  <testcase name="Ticket with correct size but zeroed signature is rejected" classname="com.cryptika.messenger.crypto.TicketManagerTest" time="0.003"/>
  <testcase name="Ticket with wrong size throws SignatureInvalid" classname="com.cryptika.messenger.crypto.TicketManagerTest" time="0.0"/>
  <system-out><![CDATA[]]></system-out>
  <system-err><![CDATA[]]></system-err>
</testsuite>
