<?xml version="1.0" encoding="UTF-8"?>
<testsuite name="com.cryptika.messenger.crypto.SessionKeyTest" tests="5" skipped="0" failures="0" errors="0" timestamp="2026-03-13T04:51:02.261Z" hostname="DESKTOP-P3C3923" time="0.04">
  <properties/>
  <testcase name="Session key derivation is deterministic" classname="com.cryptika.messenger.crypto.SessionKeyTest" time="0.005"/>
  <testcase name="Directional roots are complementary between peers" classname="com.cryptika.messenger.crypto.SessionKeyTest" time="0.007"/>
  <testcase name="Directional roots are different from each other" classname="com.cryptika.messenger.crypto.SessionKeyTest" time="0.005"/>
  <testcase name="Session key changes when A_id and B_id are swapped" classname="com.cryptika.messenger.crypto.SessionKeyTest" time="0.0"/>
  <testcase name="X25519 DH produces same shared secret from both sides" classname="com.cryptika.messenger.crypto.SessionKeyTest" time="0.02"/>
  <system-out><![CDATA[]]></system-out>
  <system-err><![CDATA[]]></system-err>
</testsuite>
