<?xml version="1.0" encoding="UTF-8"?>
<testsuite name="com.cryptika.messenger.crypto.IntegrationTest" tests="2" skipped="0" failures="0" errors="0" timestamp="2026-03-13T04:51:01.778Z" hostname="DESKTOP-P3C3923" time="0.393">
  <properties/>
  <testcase name="Full send and receive pipeline — 5 messages succeed" classname="com.cryptika.messenger.crypto.IntegrationTest" time="0.37"/>
  <testcase name="MITM public key substitution fails AEAD" classname="com.cryptika.messenger.crypto.IntegrationTest" time="0.022"/>
  <system-out><![CDATA[]]></system-out>
  <system-err><![CDATA[]]></system-err>
</testsuite>
